<?xml version="1.0" encoding="UTF-8"?>
<!-- Generated by org.testng.reporters.JUnitReportReporter -->
<testsuite name="android.ninetynine.ldp.enquiry.C1379_Ldp_LoginUnver_MustSee_GalleryEnquiry" tests="1" time="196.841" ignored="0" failures="0" timestamp="24 Dec 2020 08:16:50 GMT" skipped="0" hostname="daniamrth" errors="0">
  <testcase name="C1379_Ldp_LoginUnver_MustSee_Phone_Enquiry" time="196.841" classname="android.ninetynine.ldp.enquiry.C1379_Ldp_LoginUnver_MustSee_GalleryEnquiry"/>
</testsuite> <!-- android.ninetynine.ldp.enquiry.C1379_Ldp_LoginUnver_MustSee_GalleryEnquiry -->
