<?xml version="1.0" encoding="UTF-8"?>
<!-- Generated by org.testng.reporters.JUnitReportReporter -->
<testsuite name="android.ninetynine.ldp.enquiry.C1344_LDP_LoginUnver_Reg_ChatEnquiry" tests="1" time="166.124" ignored="0" failures="0" timestamp="29 Dec 2020 18:45:29 GMT" skipped="0" hostname="daniamrth" errors="0">
  <testcase name="C1344_LDP_LoginUnver_Reg_Chat_Enquiry" time="166.124" classname="android.ninetynine.ldp.enquiry.C1344_LDP_LoginUnver_Reg_ChatEnquiry"/>
</testsuite> <!-- android.ninetynine.ldp.enquiry.C1344_LDP_LoginUnver_Reg_ChatEnquiry -->
