<?xml version="1.0" encoding="UTF-8"?>
<!-- Generated by org.testng.reporters.JUnitReportReporter -->
<testsuite name="android.ninetynine.ldp.enquiry.C1338_LDP_Ver_MustSee_ChatEnquiry" tests="1" time="149.838" ignored="0" failures="0" timestamp="24 Dec 2020 04:04:32 GMT" skipped="0" hostname="daniamrth" errors="0">
  <testcase name="C1338_LDP_Ver_MustSee_Chat_Enquiry" time="149.838" classname="android.ninetynine.ldp.enquiry.C1338_LDP_Ver_MustSee_ChatEnquiry"/>
</testsuite> <!-- android.ninetynine.ldp.enquiry.C1338_LDP_Ver_MustSee_ChatEnquiry -->
