<?xml version="1.0" encoding="UTF-8"?>
<!-- Generated by org.testng.reporters.JUnitReportReporter -->
<testsuite name="android.ninetynine.pagerendering.C33409_PageRendering_LDP_MustSee_NonLogin" tests="1" time="139.454" ignored="0" failures="0" timestamp="30 Dec 2020 19:17:54 GMT" skipped="0" hostname="daniamrth" errors="0">
  <testcase name="C8_PageRendering_LDP_Must_See_NonLogin" time="139.454" classname="android.ninetynine.pagerendering.C33409_PageRendering_LDP_MustSee_NonLogin"/>
</testsuite> <!-- android.ninetynine.pagerendering.C33409_PageRendering_LDP_MustSee_NonLogin -->
