<?xml version="1.0" encoding="UTF-8"?>
<!-- Generated by org.testng.reporters.JUnitReportReporter -->
<testsuite ignored="0" hostname="IDMAC008s-MacBook-Pro.local" failures="0" tests="1" name="android.ninetynine.auth.C1258_LoginVerUser" time="59.347" errors="0" timestamp="07 Apr 2021 10:31:02 GMT" skipped="0">
  <testcase classname="android.ninetynine.auth.C1258_LoginVerUser" name="C1258_Login_VerUser" time="59.347"/>
</testsuite> <!-- android.ninetynine.auth.C1258_LoginVerUser -->
