<?xml version="1.0" encoding="UTF-8"?>
<!-- Generated by org.testng.reporters.JUnitReportReporter -->
<testsuite name="android.ninetynine.pagerendering.C33419_PageRendering_SRP_LoginVer" tests="1" time="173.195" ignored="0" failures="0" timestamp="30 Dec 2020 19:17:54 GMT" skipped="0" hostname="daniamrth" errors="0">
  <testcase name="C18_PageRendering_SRP_Login_Ver" time="173.195" classname="android.ninetynine.pagerendering.C33419_PageRendering_SRP_LoginVer"/>
</testsuite> <!-- android.ninetynine.pagerendering.C33419_PageRendering_SRP_LoginVer -->
