<?xml version="1.0" encoding="UTF-8"?>
<!-- Generated by org.testng.reporters.JUnitReportReporter -->
<testsuite name="android.ninetynine.ldp.enquiry.C1384_Ldp_LoginUnver_Reg_GalleryEnquiry" tests="1" time="206.184" ignored="0" failures="0" timestamp="29 Dec 2020 12:07:47 GMT" skipped="0" hostname="daniamrth" errors="0">
  <testcase name="C1384_Ldp_LoginUnver_Reg_Gallery_Enquiry" time="206.184" classname="android.ninetynine.ldp.enquiry.C1384_Ldp_LoginUnver_Reg_GalleryEnquiry"/>
</testsuite> <!-- android.ninetynine.ldp.enquiry.C1384_Ldp_LoginUnver_Reg_GalleryEnquiry -->
