<?xml version="1.0" encoding="UTF-8"?>
<!-- Generated by org.testng.reporters.JUnitReportReporter -->
<testsuite name="android.ninetynine.pagerendering.C33406_PageRendering_User_AgentLogin" tests="1" time="157.110" ignored="0" failures="0" timestamp="30 Dec 2020 19:17:54 GMT" skipped="0" hostname="daniamrth" errors="0">
  <testcase name="C5_PageRendering_User_Agent_Login" time="157.110" classname="android.ninetynine.pagerendering.C33406_PageRendering_User_AgentLogin"/>
</testsuite> <!-- android.ninetynine.pagerendering.C33406_PageRendering_User_AgentLogin -->
