<?xml version="1.0" encoding="UTF-8"?>
<!-- Generated by org.testng.reporters.JUnitReportReporter -->
<testsuite name="android.ninetynine.ldp.enquiry.C1337_LDP_Unver_MustSee_ChatEnquiry" tests="1" time="137.280" ignored="0" failures="0" timestamp="11 Dec 2020 10:55:37 GMT" skipped="0" hostname="daniamrth" errors="0">
  <testcase name="C1337_LDP_Unver_MustSee_Chat_Enquiry" time="137.280" classname="android.ninetynine.ldp.enquiry.C1337_LDP_Unver_MustSee_ChatEnquiry"/>
</testsuite> <!-- android.ninetynine.ldp.enquiry.C1337_LDP_Unver_MustSee_ChatEnquiry -->
