<?xml version="1.0" encoding="UTF-8"?>
<!-- Generated by org.testng.reporters.JUnitReportReporter -->
<testsuite name="android.ninetynine.ldp.enquiry.C1380_Ldp_LoginVer_MustSee_GalleryEnquiry" tests="1" time="220.766" ignored="0" failures="0" timestamp="29 Dec 2020 12:07:47 GMT" skipped="0" hostname="daniamrth" errors="0">
  <testcase name="C1380_Ldp_LoginVer_MustSee_Phone_Enquiry" time="220.766" classname="android.ninetynine.ldp.enquiry.C1380_Ldp_LoginVer_MustSee_GalleryEnquiry"/>
</testsuite> <!-- android.ninetynine.ldp.enquiry.C1380_Ldp_LoginVer_MustSee_GalleryEnquiry -->
