<?xml version="1.0" encoding="UTF-8"?>
<!-- Generated by org.testng.reporters.JUnitReportReporter -->
<testsuite name="android.ninetynine.ldp.enquiry.C1348_LDP_Ver_MustSee_PhoneEnquiry" tests="1" time="124.641" ignored="0" failures="0" timestamp="19 Dec 2020 14:17:57 GMT" skipped="0" hostname="daniamrth" errors="0">
  <testcase name="C1348_LDP_Ver_MustSee_Phone_Enquiry" time="124.641" classname="android.ninetynine.ldp.enquiry.C1348_LDP_Ver_MustSee_PhoneEnquiry"/>
</testsuite> <!-- android.ninetynine.ldp.enquiry.C1348_LDP_Ver_MustSee_PhoneEnquiry -->
