<?xml version="1.0" encoding="UTF-8"?>
<!-- Generated by org.testng.reporters.JUnitReportReporter -->
<testsuite name="android.ninetynine.srp.enquiry.C1040_SRP_Ver_MustSee_ChatEnquiry" tests="1" time="131.309" ignored="0" failures="0" timestamp="24 Dec 2020 13:38:20 GMT" skipped="0" hostname="daniamrth" errors="0">
  <testcase name="C1040_SRP_Ver_MustSee_Chat_Enquiry" time="131.309" classname="android.ninetynine.srp.enquiry.C1040_SRP_Ver_MustSee_ChatEnquiry"/>
</testsuite> <!-- android.ninetynine.srp.enquiry.C1040_SRP_Ver_MustSee_ChatEnquiry -->
