<?xml version="1.0" encoding="UTF-8"?>
<!-- Generated by org.testng.reporters.JUnitReportReporter -->
<testsuite name="android.ninetynine.ldp.enquiry.C1382_LDP_Unver_Reg_GalleryEnquiry" tests="1" time="144.162" ignored="0" failures="0" timestamp="19 Dec 2020 17:47:29 GMT" skipped="0" hostname="daniamrth" errors="0">
  <testcase name="C1382_LDP_Unver_Reg_Gallery_Enquiry" time="144.162" classname="android.ninetynine.ldp.enquiry.C1382_LDP_Unver_Reg_GalleryEnquiry"/>
</testsuite> <!-- android.ninetynine.ldp.enquiry.C1382_LDP_Unver_Reg_GalleryEnquiry -->
