<?xml version="1.0" encoding="UTF-8"?>
<!-- Generated by org.testng.reporters.JUnitReportReporter -->
<testsuite name="android.ninetynine.pagerendering.C33408_PageRendering_User_VerLogin" tests="1" time="151.320" ignored="0" failures="0" timestamp="30 Dec 2020 19:17:54 GMT" skipped="0" hostname="daniamrth" errors="0">
  <testcase name="C7_PageRendering_User_Ver_Login" time="151.320" classname="android.ninetynine.pagerendering.C33408_PageRendering_User_VerLogin"/>
</testsuite> <!-- android.ninetynine.pagerendering.C33408_PageRendering_User_VerLogin -->
