<?xml version="1.0" encoding="UTF-8"?>
<!-- Generated by org.testng.reporters.JUnitReportReporter -->
<testsuite name="android.ninetynine.srp.enquiry.C1048_SRP_LoginVer_MustSee_PhoneEnquiry" tests="1" time="160.427" ignored="0" failures="0" timestamp="24 Dec 2020 14:22:06 GMT" skipped="0" hostname="daniamrth" errors="0">
  <testcase name="C1048_SRP_LoginVer_MustSee_Chat_Enquiry" time="160.427" classname="android.ninetynine.srp.enquiry.C1048_SRP_LoginVer_MustSee_PhoneEnquiry"/>
</testsuite> <!-- android.ninetynine.srp.enquiry.C1048_SRP_LoginVer_MustSee_PhoneEnquiry -->
