<?xml version="1.0" encoding="UTF-8"?>
<!-- Generated by org.testng.reporters.JUnitReportReporter -->
<testsuite name="android.ninetynine.ldp.enquiry.C1378_LDP_Ver_MustSee_GalleryEnquiry" tests="1" time="157.783" ignored="0" failures="0" timestamp="24 Dec 2020 08:16:50 GMT" skipped="0" hostname="daniamrth" errors="0">
  <testcase name="C1378_LDP_Ver_MustSee_Gallery_Enquiry" time="157.783" classname="android.ninetynine.ldp.enquiry.C1378_LDP_Ver_MustSee_GalleryEnquiry"/>
</testsuite> <!-- android.ninetynine.ldp.enquiry.C1378_LDP_Ver_MustSee_GalleryEnquiry -->
