<?xml version="1.0" encoding="UTF-8"?>
<!-- Generated by org.testng.reporters.JUnitReportReporter -->
<testsuite name="android.ninetynine.srp.enquiry.C1137_SRP_Ver_Reg_ChatEnquiry" tests="1" time="133.517" ignored="0" failures="0" timestamp="24 Dec 2020 13:55:58 GMT" skipped="0" hostname="daniamrth" errors="0">
  <testcase name="C1137_SRP_Ver_Reg_Chat_Enquiry" time="133.517" classname="android.ninetynine.srp.enquiry.C1137_SRP_Ver_Reg_ChatEnquiry"/>
</testsuite> <!-- android.ninetynine.srp.enquiry.C1137_SRP_Ver_Reg_ChatEnquiry -->
