<?xml version="1.0" encoding="UTF-8"?>
<!-- Generated by org.testng.reporters.JUnitReportReporter -->
<testsuite name="android.ninetynine.ldp.enquiry.C1347_LDP_Unver_MustSee_PhoneEnquiry" tests="1" time="133.048" ignored="0" failures="0" timestamp="24 Dec 2020 04:36:36 GMT" skipped="0" hostname="daniamrth" errors="0">
  <testcase name="C1347_LDP_Unver_MustSee_Phone_Enquiry" time="133.048" classname="android.ninetynine.ldp.enquiry.C1347_LDP_Unver_MustSee_PhoneEnquiry"/>
</testsuite> <!-- android.ninetynine.ldp.enquiry.C1347_LDP_Unver_MustSee_PhoneEnquiry -->
