<?xml version="1.0" encoding="UTF-8"?>
<!-- Generated by org.testng.reporters.JUnitReportReporter -->
<testsuite name="android.ninetynine.ldp.enquiry.C1341_LDP_NoAcc_Reg_ChatEnquiry" tests="1" time="131.915" ignored="0" failures="0" timestamp="19 Dec 2020 12:01:12 GMT" skipped="0" hostname="daniamrth" errors="0">
  <testcase name="C1341_LDP_NoAcc_Reg_Chat_Enquiry" time="131.915" classname="android.ninetynine.ldp.enquiry.C1341_LDP_NoAcc_Reg_ChatEnquiry"/>
</testsuite> <!-- android.ninetynine.ldp.enquiry.C1341_LDP_NoAcc_Reg_ChatEnquiry -->
