<?xml version="1.0" encoding="UTF-8"?>
<!-- Generated by org.testng.reporters.JUnitReportReporter -->
<testsuite ignored="0" hostname="99s-MacBook-Pro-3.local" failures="0" tests="1" name="android.ninetynine.createlisting.C1409_CreateALandedRentRegularListing" time="251.300" errors="0" timestamp="14 Jul 2021 09:28:49 GMT" skipped="0">
  <testcase classname="android.ninetynine.createlisting.C1409_CreateALandedRentRegularListing" name="C1409_CreateALandedRentRegular_Listing" time="251.300"/>
</testsuite> <!-- android.ninetynine.createlisting.C1409_CreateALandedRentRegularListing -->
