<?xml version="1.0" encoding="UTF-8"?>
<!-- Generated by org.testng.reporters.JUnitReportReporter -->
<testsuite name="android.ninetynine.ldp.enquiry.C1344_LDP_LoginUnver_Reg_ChatEnquiry" tests="1" time="190.639" ignored="0" failures="0" timestamp="24 Dec 2020 04:23:47 GMT" skipped="0" hostname="daniamrth" errors="0">
  <testcase name="C1344_LDP_LoginUnver_Reg_Chat_Enquiry" time="190.639" classname="android.ninetynine.ldp.enquiry.C1344_LDP_LoginUnver_Reg_ChatEnquiry"/>
</testsuite> <!-- android.ninetynine.ldp.enquiry.C1344_LDP_LoginUnver_Reg_ChatEnquiry -->
