<?xml version="1.0" encoding="UTF-8"?>
<!-- Generated by org.testng.reporters.JUnitReportReporter -->
<testsuite name="android.ninetynine.ldp.enquiry.C1342_LDP_Unver_Reg_ChatEnquiry" tests="1" time="159.318" ignored="0" failures="0" timestamp="24 Dec 2020 04:17:57 GMT" skipped="0" hostname="daniamrth" errors="0">
  <testcase name="C1342_LDP_Unver_Reg_Chat_Enquiry" time="159.318" classname="android.ninetynine.ldp.enquiry.C1342_LDP_Unver_Reg_ChatEnquiry"/>
</testsuite> <!-- android.ninetynine.ldp.enquiry.C1342_LDP_Unver_Reg_ChatEnquiry -->
