<?xml version="1.0" encoding="UTF-8"?>
<!-- Generated by org.testng.reporters.JUnitReportReporter -->
<testsuite ignored="0" hostname="99s-MacBook-Pro-3.local" failures="0" tests="1" name="android.ninetynine.createlisting.C46783_CreateACondoRoomRentalRegularListing" time="232.151" errors="0" timestamp="14 Jul 2021 09:23:59 GMT" skipped="0">
  <testcase classname="android.ninetynine.createlisting.C46783_CreateACondoRoomRentalRegularListing" name="C46783_CreateACondoRoomRentalRegular_Listing" time="232.151"/>
</testsuite> <!-- android.ninetynine.createlisting.C46783_CreateACondoRoomRentalRegularListing -->
