<?xml version="1.0" encoding="UTF-8"?>
<!-- Generated by org.testng.reporters.JUnitReportReporter -->
<testsuite name="android.ninetynine.ldp.enquiry.C1354_Ldp_LoginUnver_Reg_PhoneEnquiry" tests="1" time="178.784" ignored="0" failures="0" timestamp="24 Dec 2020 04:59:50 GMT" skipped="0" hostname="daniamrth" errors="0">
  <testcase name="C1354_Ldp_LoginUnver_Reg_Phone_Enquiry" time="178.784" classname="android.ninetynine.ldp.enquiry.C1354_Ldp_LoginUnver_Reg_PhoneEnquiry"/>
</testsuite> <!-- android.ninetynine.ldp.enquiry.C1354_Ldp_LoginUnver_Reg_PhoneEnquiry -->
