<?xml version="1.0" encoding="UTF-8"?>
<!-- Generated by org.testng.reporters.JUnitReportReporter -->
<testsuite name="android.ninetynine.srp.enquiry.C1046_SRP_Ver_MustSee_PhoneEnquiry" tests="1" time="116.527" ignored="0" failures="0" timestamp="24 Dec 2020 14:12:18 GMT" skipped="0" hostname="daniamrth" errors="0">
  <testcase name="C1046_SRP_Ver_MustSee_Phone_Enquiry" time="116.527" classname="android.ninetynine.srp.enquiry.C1046_SRP_Ver_MustSee_PhoneEnquiry"/>
</testsuite> <!-- android.ninetynine.srp.enquiry.C1046_SRP_Ver_MustSee_PhoneEnquiry -->
