<?xml version="1.0" encoding="UTF-8"?>
<!-- Generated by org.testng.reporters.JUnitReportReporter -->
<testsuite name="android.ninetynine.srp.enquiry.C1045_SRP_Unver_MustSee_PhoneEnquiry" tests="1" time="99.390" ignored="0" failures="0" timestamp="11 Dec 2020 15:59:39 GMT" skipped="0" hostname="daniamrth" errors="0">
  <testcase name="C1045_SRP_Unver_MustSee_Phone_Enquiry" time="99.390" classname="android.ninetynine.srp.enquiry.C1045_SRP_Unver_MustSee_PhoneEnquiry"/>
</testsuite> <!-- android.ninetynine.srp.enquiry.C1045_SRP_Unver_MustSee_PhoneEnquiry -->
