<?xml version="1.0" encoding="UTF-8"?>
<!-- Generated by org.testng.reporters.JUnitReportReporter -->
<testsuite name="android.ninetynine.ldp.enquiry.C1339_Ldp_LoginUnver_MustSee_ChatEnquiry" tests="1" time="169.018" ignored="0" failures="0" timestamp="29 Dec 2020 18:45:28 GMT" skipped="0" hostname="daniamrth" errors="0">
  <testcase name="C1339_LDP_LoginUnver_MustSee_Chat_Enquiry" time="169.018" classname="android.ninetynine.ldp.enquiry.C1339_Ldp_LoginUnver_MustSee_ChatEnquiry"/>
</testsuite> <!-- android.ninetynine.ldp.enquiry.C1339_Ldp_LoginUnver_MustSee_ChatEnquiry -->
