<?xml version="1.0" encoding="UTF-8"?>
<!-- Generated by org.testng.reporters.JUnitReportReporter -->
<testsuite name="android.ninetynine.ldp.enquiry.C1351_LDP_NoAcc_Reg_PhoneEnquiry" tests="1" time="127.686" ignored="0" failures="0" timestamp="19 Dec 2020 14:23:51 GMT" skipped="0" hostname="daniamrth" errors="0">
  <testcase name="C1351_LDP_NoAcc_Reg_Phone_Enquiry" time="127.686" classname="android.ninetynine.ldp.enquiry.C1351_LDP_NoAcc_Reg_PhoneEnquiry"/>
</testsuite> <!-- android.ninetynine.ldp.enquiry.C1351_LDP_NoAcc_Reg_PhoneEnquiry -->
