<?xml version="1.0" encoding="UTF-8"?>
<!-- Generated by org.testng.reporters.JUnitReportReporter -->
<testsuite name="android.ninetynine.pagerendering.C33402_PageRendering_Homepage_NonLogin" tests="1" time="98.199" ignored="0" failures="0" timestamp="30 Dec 2020 19:17:54 GMT" skipped="0" hostname="daniamrth" errors="0">
  <testcase name="C33402_PageRendering_Homepage_Non_Login" time="98.199" classname="android.ninetynine.pagerendering.C33402_PageRendering_Homepage_NonLogin"/>
</testsuite> <!-- android.ninetynine.pagerendering.C33402_PageRendering_Homepage_NonLogin -->
