<?xml version="1.0" encoding="UTF-8"?>
<!-- Generated by org.testng.reporters.JUnitReportReporter -->
<testsuite name="android.ninetynine.ldp.enquiry.C1336_LDP_NoAcc_MustSee_ChatEnquiry" tests="1" time="134.354" ignored="0" failures="0" timestamp="19 Dec 2020 11:52:55 GMT" skipped="0" hostname="daniamrth" errors="0">
  <testcase name="C1336_LDP_NoAcc_MustSee_Chat_Enquiry" time="134.354" classname="android.ninetynine.ldp.enquiry.C1336_LDP_NoAcc_MustSee_ChatEnquiry"/>
</testsuite> <!-- android.ninetynine.ldp.enquiry.C1336_LDP_NoAcc_MustSee_ChatEnquiry -->
