<?xml version="1.0" encoding="UTF-8"?>
<!-- Generated by org.testng.reporters.JUnitReportReporter -->
<testsuite name="android.ninetynine.srp.enquiry.C1047_SRP_LoginUnver_MustSee_PhoneEnquiry" tests="1" time="160.668" ignored="0" failures="0" timestamp="29 Dec 2020 14:25:18 GMT" skipped="0" hostname="daniamrth" errors="0">
  <testcase name="C1047_SRP_LoginUnver_MustSee_Phone_Enquiry" time="160.668" classname="android.ninetynine.srp.enquiry.C1047_SRP_LoginUnver_MustSee_PhoneEnquiry"/>
</testsuite> <!-- android.ninetynine.srp.enquiry.C1047_SRP_LoginUnver_MustSee_PhoneEnquiry -->
