<?xml version="1.0" encoding="UTF-8"?>
<!-- Generated by org.testng.reporters.JUnitReportReporter -->
<testsuite name="android.ninetynine.ldp.enquiry.C1349_Ldp_LoginUnver_MustSee_PhoneEnquiry" tests="1" time="166.194" ignored="0" failures="0" timestamp="19 Dec 2020 14:55:20 GMT" skipped="0" hostname="daniamrth" errors="0">
  <testcase name="C1349_Ldp_LoginUnver_MustSee_Phone_Enquiry" time="166.194" classname="android.ninetynine.ldp.enquiry.C1349_Ldp_LoginUnver_MustSee_PhoneEnquiry"/>
</testsuite> <!-- android.ninetynine.ldp.enquiry.C1349_Ldp_LoginUnver_MustSee_PhoneEnquiry -->
