<?xml version="1.0" encoding="UTF-8"?>
<!-- Generated by org.testng.reporters.JUnitReportReporter -->
<testsuite name="android.ninetynine.srp.enquiry.C1048_SRP_LoginVer_MustSee_PhoneEnquiry" tests="1" time="151.825" ignored="0" failures="0" timestamp="11 Dec 2020 16:18:36 GMT" skipped="0" hostname="daniamrth" errors="0">
  <testcase name="C1048_SRP_LoginVer_MustSee_Chat_Enquiry" time="151.825" classname="android.ninetynine.srp.enquiry.C1048_SRP_LoginVer_MustSee_PhoneEnquiry"/>
</testsuite> <!-- android.ninetynine.srp.enquiry.C1048_SRP_LoginVer_MustSee_PhoneEnquiry -->
