<?xml version="1.0" encoding="UTF-8"?>
<!-- Generated by org.testng.reporters.JUnitReportReporter -->
<testsuite name="android.ninetynine.srp.enquiry.C740_SRP_NoAcc_MustSee_ChatEnquiry" tests="1" time="115.504" ignored="0" failures="0" timestamp="11 Dec 2020 15:40:04 GMT" skipped="0" hostname="daniamrth" errors="0">
  <testcase name="C740_SRP_NoAcc_MustSee_Chat_Enquiry" time="115.504" classname="android.ninetynine.srp.enquiry.C740_SRP_NoAcc_MustSee_ChatEnquiry"/>
</testsuite> <!-- android.ninetynine.srp.enquiry.C740_SRP_NoAcc_MustSee_ChatEnquiry -->
