<?xml version="1.0" encoding="UTF-8"?>
<!-- Generated by org.testng.reporters.JUnitReportReporter -->
<testsuite name="android.ninetynine.pagerendering.C33414_PageRendering_LDP_Reg_LoginUnver" tests="1" time="177.146" ignored="0" failures="0" timestamp="30 Dec 2020 19:17:54 GMT" skipped="0" hostname="daniamrth" errors="0">
  <testcase name="C13_PageRendering_LDP_Reg_Login_Unver" time="177.146" classname="android.ninetynine.pagerendering.C33414_PageRendering_LDP_Reg_LoginUnver"/>
</testsuite> <!-- android.ninetynine.pagerendering.C33414_PageRendering_LDP_Reg_LoginUnver -->
