<?xml version="1.0" encoding="UTF-8"?>
<!-- Generated by org.testng.reporters.JUnitReportReporter -->
<testsuite name="android.ninetynine.ldp.enquiry.C1347_LDP_Unver_MustSee_PhoneEnquiry" tests="1" time="126.509" ignored="0" failures="0" timestamp="19 Dec 2020 14:14:18 GMT" skipped="0" hostname="daniamrth" errors="0">
  <testcase name="C1347_LDP_Unver_MustSee_Phone_Enquiry" time="126.509" classname="android.ninetynine.ldp.enquiry.C1347_LDP_Unver_MustSee_PhoneEnquiry"/>
</testsuite> <!-- android.ninetynine.ldp.enquiry.C1347_LDP_Unver_MustSee_PhoneEnquiry -->
