<?xml version="1.0" encoding="UTF-8"?>
<!-- Generated by org.testng.reporters.JUnitReportReporter -->
<testsuite name="android.ninetynine.ldp.enquiry.C1385_Ldp_LoginVer_Reg_GalleryEnquiry" tests="1" time="196.330" ignored="0" failures="0" timestamp="24 Dec 2020 05:40:40 GMT" skipped="0" hostname="daniamrth" errors="0">
  <testcase name="C1385_Ldp_LoginVer_Reg_Gallery_Enquiry" time="196.330" classname="android.ninetynine.ldp.enquiry.C1385_Ldp_LoginVer_Reg_GalleryEnquiry"/>
</testsuite> <!-- android.ninetynine.ldp.enquiry.C1385_Ldp_LoginVer_Reg_GalleryEnquiry -->
