<?xml version="1.0" encoding="UTF-8"?>
<!-- Generated by org.testng.reporters.JUnitReportReporter -->
<testsuite name="android.ninetynine.srp.enquiry.C1135_SRP_NoAcc_Reg_ChatEnquiry" tests="1" time="119.340" ignored="0" failures="0" timestamp="24 Dec 2020 13:50:16 GMT" skipped="0" hostname="daniamrth" errors="0">
  <testcase name="C1135_SRP_NoAcc_Reg_Chat_Enquiry" time="119.340" classname="android.ninetynine.srp.enquiry.C1135_SRP_NoAcc_Reg_ChatEnquiry"/>
</testsuite> <!-- android.ninetynine.srp.enquiry.C1135_SRP_NoAcc_Reg_ChatEnquiry -->
