<?xml version="1.0" encoding="UTF-8"?>
<!-- Generated by org.testng.reporters.JUnitReportReporter -->
<testsuite name="android.ninetynine.ldp.enquiry.C1352_LDP_Unver_Reg_PhoneEnquiry" tests="1" time="172.149" ignored="0" failures="0" timestamp="29 Dec 2020 12:40:54 GMT" skipped="0" hostname="daniamrth" errors="0">
  <testcase name="C1352_LDP_Unver_Reg_Phone_Enquiry" time="172.149" classname="android.ninetynine.ldp.enquiry.C1352_LDP_Unver_Reg_PhoneEnquiry"/>
</testsuite> <!-- android.ninetynine.ldp.enquiry.C1352_LDP_Unver_Reg_PhoneEnquiry -->
