<?xml version="1.0" encoding="UTF-8"?>
<!-- Generated by org.testng.reporters.JUnitReportReporter -->
<testsuite name="android.ninetynine.srp.enquiry.C1045_SRP_Unver_MustSee_PhoneEnquiry" tests="1" time="119.885" ignored="0" failures="0" timestamp="24 Dec 2020 14:10:08 GMT" skipped="0" hostname="daniamrth" errors="0">
  <testcase name="C1045_SRP_Unver_MustSee_Phone_Enquiry" time="119.885" classname="android.ninetynine.srp.enquiry.C1045_SRP_Unver_MustSee_PhoneEnquiry"/>
</testsuite> <!-- android.ninetynine.srp.enquiry.C1045_SRP_Unver_MustSee_PhoneEnquiry -->
