<?xml version="1.0" encoding="UTF-8"?>
<!-- Generated by org.testng.reporters.JUnitReportReporter -->
<testsuite name="android.ninetynine.pagerendering.C33407_PageRendering_User_UnverLogin" tests="1" time="149.177" ignored="0" failures="0" timestamp="30 Dec 2020 19:17:54 GMT" skipped="0" hostname="daniamrth" errors="0">
  <testcase name="C6_PageRendering_User_Unver_Login" time="149.177" classname="android.ninetynine.pagerendering.C33407_PageRendering_User_UnverLogin"/>
</testsuite> <!-- android.ninetynine.pagerendering.C33407_PageRendering_User_UnverLogin -->
