<?xml version="1.0" encoding="UTF-8"?>
<!-- Generated by org.testng.reporters.JUnitReportReporter -->
<testsuite name="android.ninetynine.ldp.enquiry.C1346_LDP_NoAcc_MustSee_PhoneEnquiry" tests="1" time="130.158" ignored="0" failures="0" timestamp="24 Dec 2020 04:33:28 GMT" skipped="0" hostname="daniamrth" errors="0">
  <testcase name="C1346_LDP_NoAcc_MustSee_Phone_Enquiry" time="130.158" classname="android.ninetynine.ldp.enquiry.C1346_LDP_NoAcc_MustSee_PhoneEnquiry"/>
</testsuite> <!-- android.ninetynine.ldp.enquiry.C1346_LDP_NoAcc_MustSee_PhoneEnquiry -->
