<?xml version="1.0" encoding="UTF-8"?>
<!-- Generated by org.testng.reporters.JUnitReportReporter -->
<testsuite name="android.ninetynine.ldp.enquiry.C1339_Ldp_LoginUnver_MustSee_ChatEnquiry" tests="1" time="194.465" ignored="0" failures="0" timestamp="24 Dec 2020 04:08:08 GMT" skipped="0" hostname="daniamrth" errors="0">
  <testcase name="C1339_LDP_LoginUnver_MustSee_Chat_Enquiry" time="194.465" classname="android.ninetynine.ldp.enquiry.C1339_Ldp_LoginUnver_MustSee_ChatEnquiry"/>
</testsuite> <!-- android.ninetynine.ldp.enquiry.C1339_Ldp_LoginUnver_MustSee_ChatEnquiry -->
