<?xml version="1.0" encoding="UTF-8"?>
<!-- Generated by org.testng.reporters.JUnitReportReporter -->
<testsuite name="android.ninetynine.srp.enquiry.C1133_SRP_LoginUnver_Reg_PhoneEnquiry" tests="1" time="163.658" ignored="0" failures="0" timestamp="24 Dec 2020 14:32:22 GMT" skipped="0" hostname="daniamrth" errors="0">
  <testcase name="C1133_SRP_LoginUnver_Reg_Phone_Enquiry" time="163.658" classname="android.ninetynine.srp.enquiry.C1133_SRP_LoginUnver_Reg_PhoneEnquiry"/>
</testsuite> <!-- android.ninetynine.srp.enquiry.C1133_SRP_LoginUnver_Reg_PhoneEnquiry -->
