<?xml version="1.0" encoding="UTF-8"?>
<!-- Generated by org.testng.reporters.JUnitReportReporter -->
<testsuite name="android.ninetynine.pagerendering.C33410_PageRendering_LDP_MustSee_LoginUnver" tests="1" time="156.654" ignored="0" failures="0" timestamp="30 Dec 2020 19:17:54 GMT" skipped="0" hostname="daniamrth" errors="0">
  <testcase name="C9_PageRendering_LDP_MustSee_Login_Unver" time="156.654" classname="android.ninetynine.pagerendering.C33410_PageRendering_LDP_MustSee_LoginUnver"/>
</testsuite> <!-- android.ninetynine.pagerendering.C33410_PageRendering_LDP_MustSee_LoginUnver -->
