<?xml version="1.0" encoding="UTF-8"?>
<!-- Generated by org.testng.reporters.JUnitReportReporter -->
<testsuite name="android.ninetynine.pagerendering.C33405_PageRendering_Homepage_AgentLogin" tests="1" time="154.422" ignored="0" failures="0" timestamp="30 Dec 2020 19:17:54 GMT" skipped="0" hostname="daniamrth" errors="0">
  <testcase name="C4_PageRendering_Homepage_Agent_Login" time="154.422" classname="android.ninetynine.pagerendering.C33405_PageRendering_Homepage_AgentLogin"/>
</testsuite> <!-- android.ninetynine.pagerendering.C33405_PageRendering_Homepage_AgentLogin -->
