<?xml version="1.0" encoding="UTF-8"?>
<!-- Generated by org.testng.reporters.JUnitReportReporter -->
<testsuite name="android.ninetynine.pagerendering.C33404_PageRendering_Homepage_VerLogin" tests="1" time="145.029" ignored="0" failures="0" timestamp="30 Dec 2020 19:17:54 GMT" skipped="0" hostname="daniamrth" errors="0">
  <testcase name="C3_PageRendering_Homepage_Ver_Login" time="145.029" classname="android.ninetynine.pagerendering.C33404_PageRendering_Homepage_VerLogin"/>
</testsuite> <!-- android.ninetynine.pagerendering.C33404_PageRendering_Homepage_VerLogin -->
