<?xml version="1.0" encoding="UTF-8"?>
<!-- Generated by org.testng.reporters.JUnitReportReporter -->
<testsuite name="android.ninetynine.ldp.enquiry.C1354_Ldp_LoginUnver_Reg_PhoneEnquiry" tests="1" time="165.659" ignored="0" failures="0" timestamp="19 Dec 2020 15:18:59 GMT" skipped="0" hostname="daniamrth" errors="0">
  <testcase name="C1354_Ldp_LoginUnver_Reg_Phone_Enquiry" time="165.659" classname="android.ninetynine.ldp.enquiry.C1354_Ldp_LoginUnver_Reg_PhoneEnquiry"/>
</testsuite> <!-- android.ninetynine.ldp.enquiry.C1354_Ldp_LoginUnver_Reg_PhoneEnquiry -->
