<?xml version="1.0" encoding="UTF-8"?>
<!-- Generated by org.testng.reporters.JUnitReportReporter -->
<testsuite name="android.ninetynine.ldp.enquiry.C1353_LDP_Ver_Reg_PhoneEnquiry" tests="1" time="125.665" ignored="0" failures="0" timestamp="19 Dec 2020 14:30:39 GMT" skipped="0" hostname="daniamrth" errors="0">
  <testcase name="C1353_LDP_Ver_Reg_Phone_Enquiry" time="125.665" classname="android.ninetynine.ldp.enquiry.C1353_LDP_Ver_Reg_PhoneEnquiry"/>
</testsuite> <!-- android.ninetynine.ldp.enquiry.C1353_LDP_Ver_Reg_PhoneEnquiry -->
