<?xml version="1.0" encoding="UTF-8"?>
<!-- Generated by org.testng.reporters.JUnitReportReporter -->
<testsuite name="android.ninetynine.ldp.enquiry.C1346_LDP_NoAcc_MustSee_PhoneEnquiry" tests="1" time="125.882" ignored="0" failures="0" timestamp="19 Dec 2020 14:07:17 GMT" skipped="0" hostname="daniamrth" errors="0">
  <testcase name="C1346_LDP_NoAcc_MustSee_Phone_Enquiry" time="125.882" classname="android.ninetynine.ldp.enquiry.C1346_LDP_NoAcc_MustSee_PhoneEnquiry"/>
</testsuite> <!-- android.ninetynine.ldp.enquiry.C1346_LDP_NoAcc_MustSee_PhoneEnquiry -->
