<?xml version="1.0" encoding="UTF-8"?>
<!-- Generated by org.testng.reporters.JUnitReportReporter -->
<testsuite name="android.ninetynine.ldp.enquiry.C1355_Ldp_LoginVer_Reg_PhoneEnquiry" tests="1" time="178.540" ignored="0" failures="0" timestamp="24 Dec 2020 05:02:59 GMT" skipped="0" hostname="daniamrth" errors="0">
  <testcase name="C1355_Ldp_LoginVer_Reg_Phone_Enquiry" time="178.540" classname="android.ninetynine.ldp.enquiry.C1355_Ldp_LoginVer_Reg_PhoneEnquiry"/>
</testsuite> <!-- android.ninetynine.ldp.enquiry.C1355_Ldp_LoginVer_Reg_PhoneEnquiry -->
