<?xml version="1.0" encoding="UTF-8"?>
<!-- Generated by org.testng.reporters.JUnitReportReporter -->
<testsuite name="android.ninetynine.ldp.enquiry.C1343_LDP_Ver_Reg_ChatEnquiry" tests="1" time="156.673" ignored="0" failures="0" timestamp="24 Dec 2020 04:20:34 GMT" skipped="0" hostname="daniamrth" errors="0">
  <testcase name="C1343_LDP_Ver_Reg_Chat_Enquiry" time="156.673" classname="android.ninetynine.ldp.enquiry.C1343_LDP_Ver_Reg_ChatEnquiry"/>
</testsuite> <!-- android.ninetynine.ldp.enquiry.C1343_LDP_Ver_Reg_ChatEnquiry -->
