<?xml version="1.0" encoding="UTF-8"?>
<!-- Generated by org.testng.reporters.JUnitReportReporter -->
<testsuite name="android.ninetynine.ldp.enquiry.C1352_LDP_Unver_Reg_PhoneEnquiry" tests="1" time="126.424" ignored="0" failures="0" timestamp="19 Dec 2020 14:27:37 GMT" skipped="0" hostname="daniamrth" errors="0">
  <testcase name="C1352_LDP_Unver_Reg_Phone_Enquiry" time="126.424" classname="android.ninetynine.ldp.enquiry.C1352_LDP_Unver_Reg_PhoneEnquiry"/>
</testsuite> <!-- android.ninetynine.ldp.enquiry.C1352_LDP_Unver_Reg_PhoneEnquiry -->
