<?xml version="1.0" encoding="UTF-8"?>
<!-- Generated by org.testng.reporters.JUnitReportReporter -->
<testsuite name="android.ninetynine.login.Regression_Login" tests="1" time="81.739" ignored="0" failures="0" timestamp="22 Sep 2020 09:01:32 GMT" skipped="0" hostname="daniamrth" errors="0">
  <testcase name="Regression_Login_Account" time="81.739" classname="android.ninetynine.login.Regression_Login"/>
</testsuite> <!-- android.ninetynine.login.Regression_Login -->
