<?xml version="1.0" encoding="UTF-8"?>
<!-- Generated by org.testng.reporters.JUnitReportReporter -->
<testsuite name="android.ninetynine.ldp.enquiry.C1377_LDP_Unver_MustSee_GalleryEnquiry" tests="1" time="171.997" ignored="0" failures="0" timestamp="19 Dec 2020 17:28:23 GMT" skipped="0" hostname="daniamrth" errors="0">
  <testcase name="C1377_LDP_Unver_MustSee_Gallery_Enquiry" time="171.997" classname="android.ninetynine.ldp.enquiry.C1377_LDP_Unver_MustSee_GalleryEnquiry"/>
</testsuite> <!-- android.ninetynine.ldp.enquiry.C1377_LDP_Unver_MustSee_GalleryEnquiry -->
