<?xml version="1.0" encoding="UTF-8"?>
<!-- Generated by org.testng.reporters.JUnitReportReporter -->
<testsuite name="android.ninetynine.ldp.enquiry.C1376_LDP_NoAcc_MustSee_GalleryEnquiry" tests="1" time="139.669" ignored="0" failures="0" timestamp="19 Dec 2020 17:21:10 GMT" skipped="0" hostname="daniamrth" errors="0">
  <testcase name="C1376_LDP_NoAcc_MustSee_Gallery_Enquiry" time="139.669" classname="android.ninetynine.ldp.enquiry.C1376_LDP_NoAcc_MustSee_GalleryEnquiry"/>
</testsuite> <!-- android.ninetynine.ldp.enquiry.C1376_LDP_NoAcc_MustSee_GalleryEnquiry -->
