<?xml version="1.0" encoding="UTF-8"?>
<!-- Generated by org.testng.reporters.JUnitReportReporter -->
<testsuite name="android.ninetynine.ldp.enquiry.C1344_LDP_LoginUnver_Reg_ChatEnquiry" tests="1" time="182.098" ignored="0" failures="0" timestamp="19 Dec 2020 12:31:37 GMT" skipped="0" hostname="daniamrth" errors="0">
  <testcase name="C1344_LDP_LoginUnver_Reg_Chat_Enquiry" time="182.098" classname="android.ninetynine.ldp.enquiry.C1344_LDP_LoginUnver_Reg_ChatEnquiry"/>
</testsuite> <!-- android.ninetynine.ldp.enquiry.C1344_LDP_LoginUnver_Reg_ChatEnquiry -->
