<?xml version="1.0" encoding="UTF-8"?>
<!-- Generated by org.testng.reporters.JUnitReportReporter -->
<testsuite name="android.ninetynine.ldp.enquiry.C1341_LDP_NoAcc_Reg_ChatEnquiry" tests="1" time="155.403" ignored="0" failures="0" timestamp="24 Dec 2020 04:14:50 GMT" skipped="0" hostname="daniamrth" errors="0">
  <testcase name="C1341_LDP_NoAcc_Reg_Chat_Enquiry" time="155.403" classname="android.ninetynine.ldp.enquiry.C1341_LDP_NoAcc_Reg_ChatEnquiry"/>
</testsuite> <!-- android.ninetynine.ldp.enquiry.C1341_LDP_NoAcc_Reg_ChatEnquiry -->
