<?xml version="1.0" encoding="UTF-8"?>
<!-- Generated by org.testng.reporters.JUnitReportReporter -->
<testsuite name="android.ninetynine.pagerendering.C33421_PageRendering_CreateListing_MustSee" tests="1" time="239.244" ignored="0" failures="0" timestamp="30 Dec 2020 19:17:54 GMT" skipped="0" hostname="daniamrth" errors="0">
  <testcase name="C20_PageRendering_CreateListing_MustSee" time="239.244" classname="android.ninetynine.pagerendering.C33421_PageRendering_CreateListing_MustSee"/>
</testsuite> <!-- android.ninetynine.pagerendering.C33421_PageRendering_CreateListing_MustSee -->
