<?xml version="1.0" encoding="UTF-8"?>
<!-- Generated by org.testng.reporters.JUnitReportReporter -->
<testsuite name="android.ninetynine.ldp.enquiry.C1345_LDP_LoginVer_Reg_ChatEnquiry" tests="1" time="188.385" ignored="0" failures="0" timestamp="29 Dec 2020 18:45:28 GMT" skipped="0" hostname="daniamrth" errors="0">
  <testcase name="C1345_LDP_LoginVer_Reg_Chat_Enquiry" time="188.385" classname="android.ninetynine.ldp.enquiry.C1345_LDP_LoginVer_Reg_ChatEnquiry"/>
</testsuite> <!-- android.ninetynine.ldp.enquiry.C1345_LDP_LoginVer_Reg_ChatEnquiry -->
