<?xml version="1.0" encoding="UTF-8"?>
<!-- Generated by org.testng.reporters.JUnitReportReporter -->
<testsuite name="android.ninetynine.srp.enquiry.C1039_SRP_Unver_MustSee_ChatEnquiry" tests="1" time="131.219" ignored="0" failures="0" timestamp="24 Dec 2020 13:35:54 GMT" skipped="0" hostname="daniamrth" errors="0">
  <testcase name="C1039_SRP_Unver_MustSee_Chat_Enquiry" time="131.219" classname="android.ninetynine.srp.enquiry.C1039_SRP_Unver_MustSee_ChatEnquiry"/>
</testsuite> <!-- android.ninetynine.srp.enquiry.C1039_SRP_Unver_MustSee_ChatEnquiry -->
