<?xml version="1.0" encoding="UTF-8"?>
<!-- Generated by org.testng.reporters.JUnitReportReporter -->
<testsuite name="android.ninetynine.pagerendering.C33411_PageRendering_LDP_MustSee_LoginVer" tests="1" time="196.235" ignored="0" failures="0" timestamp="30 Dec 2020 19:17:54 GMT" skipped="0" hostname="daniamrth" errors="0">
  <testcase name="C10_PageRendering_LDP_Must_See_LoginVer" time="196.235" classname="android.ninetynine.pagerendering.C33411_PageRendering_LDP_MustSee_LoginVer"/>
</testsuite> <!-- android.ninetynine.pagerendering.C33411_PageRendering_LDP_MustSee_LoginVer -->
