<?xml version="1.0" encoding="UTF-8"?>
<!-- Generated by org.testng.reporters.JUnitReportReporter -->
<testsuite name="android.ninetynine.ldp.enquiry.C1353_LDP_Ver_Reg_PhoneEnquiry" tests="1" time="159.371" ignored="0" failures="0" timestamp="29 Dec 2020 12:40:54 GMT" skipped="0" hostname="daniamrth" errors="0">
  <testcase name="C1353_LDP_Ver_Reg_Phone_Enquiry" time="159.371" classname="android.ninetynine.ldp.enquiry.C1353_LDP_Ver_Reg_PhoneEnquiry"/>
</testsuite> <!-- android.ninetynine.ldp.enquiry.C1353_LDP_Ver_Reg_PhoneEnquiry -->
