<?xml version="1.0" encoding="UTF-8"?>
<!-- Generated by org.testng.reporters.JUnitReportReporter -->
<testsuite name="android.ninetynine.ldp.enquiry.C1350_Ldp_LoginVer_MustSee_PhoneEnquiry" tests="1" time="173.712" ignored="0" failures="0" timestamp="24 Dec 2020 04:45:09 GMT" skipped="0" hostname="daniamrth" errors="0">
  <testcase name="C1350_Ldp_LoginVer_MustSee_Phone_Enquiry" time="173.712" classname="android.ninetynine.ldp.enquiry.C1350_Ldp_LoginVer_MustSee_PhoneEnquiry"/>
</testsuite> <!-- android.ninetynine.ldp.enquiry.C1350_Ldp_LoginVer_MustSee_PhoneEnquiry -->
