<?xml version="1.0" encoding="UTF-8"?>
<!-- Generated by org.testng.reporters.JUnitReportReporter -->
<testsuite name="android.ninetynine.ldp.enquiry.C1376_LDP_NoAcc_MustSee_GalleryEnquiry" tests="1" time="173.516" ignored="0" failures="0" timestamp="24 Dec 2020 08:16:50 GMT" skipped="0" hostname="daniamrth" errors="0">
  <testcase name="C1376_LDP_NoAcc_MustSee_Gallery_Enquiry" time="173.516" classname="android.ninetynine.ldp.enquiry.C1376_LDP_NoAcc_MustSee_GalleryEnquiry"/>
</testsuite> <!-- android.ninetynine.ldp.enquiry.C1376_LDP_NoAcc_MustSee_GalleryEnquiry -->
