<?xml version="1.0" encoding="UTF-8"?>
<!-- Generated by org.testng.reporters.JUnitReportReporter -->
<testsuite name="android.ninetynine.ldp.enquiry.C1385_Ldp_LoginVer_Reg_GalleryEnquiry" tests="1" time="184.338" ignored="0" failures="0" timestamp="19 Dec 2020 18:26:07 GMT" skipped="0" hostname="daniamrth" errors="0">
  <testcase name="C1385_Ldp_LoginVer_Reg_Gallery_Enquiry" time="184.338" classname="android.ninetynine.ldp.enquiry.C1385_Ldp_LoginVer_Reg_GalleryEnquiry"/>
</testsuite> <!-- android.ninetynine.ldp.enquiry.C1385_Ldp_LoginVer_Reg_GalleryEnquiry -->
